<?xml version="1.0" encoding="UTF-8"?>
<!-- Generated by org.testng.reporters.JUnitReportReporter -->
<testsuite hostname="DESKTOP-76BMBH5" name="com.qa.tests.GetApiTest" tests="1" failures="0" timestamp="28 Jun 2023 21:53:11 GMT" time="1.858" errors="0">
  <testcase name="getAPITest" time="1.858" classname="com.qa.tests.GetApiTest"/>
</testsuite> <!-- com.qa.tests.GetApiTest -->
