<?xml version="1.0" encoding="UTF-8"?>
<!-- Generated by org.testng.reporters.JUnitReportReporter -->
<testsuite hostname="DESKTOP-76BMBH5" name="com.qa.tests.postAPITest" tests="1" failures="0" timestamp="29 Jun 2023 14:14:53 GMT" time="2.546" errors="0">
  <testcase name="postAPITest" time="2.546" classname="com.qa.tests.postAPITest"/>
</testsuite> <!-- com.qa.tests.postAPITest -->
