<?xml version="1.0" encoding="UTF-8"?>
<!-- Generated by org.testng.reporters.JUnitReportReporter -->
<testsuite hostname="DESKTOP-76BMBH5" name="com.qa.tests.DeleteAPITest" tests="1" failures="0" timestamp="29 Jun 2023 14:50:20 GMT" time="1.944" errors="0">
  <testcase name="getAPITest" time="1.944" classname="com.qa.tests.DeleteAPITest"/>
</testsuite> <!-- com.qa.tests.DeleteAPITest -->
