<?xml version="1.0" encoding="UTF-8"?>
<!-- Generated by org.testng.reporters.JUnitReportReporter -->
<testsuite hostname="DESKTOP-76BMBH5" name="com.qa.tests.PutAPITest" tests="1" failures="0" timestamp="29 Jun 2023 14:39:40 GMT" time="1.091" errors="0">
  <testcase name="getAPITest" time="1.091" classname="com.qa.tests.PutAPITest"/>
</testsuite> <!-- com.qa.tests.PutAPITest -->
